[debug] [2018-08-29T21:46:06.029Z] ----------------------------------------------------------------------
[debug] [2018-08-29T21:46:06.033Z] Command:       C:\Program Files\nodejs\node.exe C:\Users\willievuong\AppData\Roaming\npm\node_modules\firebase-tools\bin\firebase serve
[debug] [2018-08-29T21:46:06.033Z] CLI Version:   4.2.1
[debug] [2018-08-29T21:46:06.034Z] Platform:      win32
[debug] [2018-08-29T21:46:06.034Z] Node Version:  v10.7.0
[debug] [2018-08-29T21:46:06.037Z] Time:          Wed Aug 29 2018 14:46:06 GMT-0700 (Pacific Daylight Time)
[debug] [2018-08-29T21:46:06.037Z] ----------------------------------------------------------------------
[debug] 
[debug] [2018-08-29T21:46:06.055Z] > command requires scopes: ["email","openid","https://www.googleapis.com/auth/cloudplatformprojects.readonly","https://www.googleapis.com/auth/firebase","https://www.googleapis.com/auth/cloud-platform"]
[debug] [2018-08-29T21:46:06.055Z] > authorizing via signed-in user
[debug] [2018-08-29T21:46:06.057Z] > refreshing access token with scopes: ["email","https://www.googleapis.com/auth/cloud-platform","https://www.googleapis.com/auth/cloudplatformprojects.readonly","https://www.googleapis.com/auth/firebase","openid"]
[debug] [2018-08-29T21:46:06.057Z] >>> HTTP REQUEST POST https://www.googleapis.com/oauth2/v3/token  

[debug] [2018-08-29T21:46:06.270Z] <<< HTTP RESPONSE 200
[debug] [2018-08-29T21:46:06.278Z] >>> HTTP REQUEST GET https://admin.firebase.com/v1/projects/personalsite-35f77  
 
[debug] [2018-08-29T21:46:06.661Z] <<< HTTP RESPONSE 200
[debug] [2018-08-29T21:46:06.663Z] >>> HTTP REQUEST GET https://cloudresourcemanager.googleapis.com/v1/projects/personalsite-35f77  
 
[debug] [2018-08-29T21:46:06.954Z] <<< HTTP RESPONSE 200
[info] 
[info] === Serving from 'C:\Users\willievuong\Documents\GitHub\personalsite'...
[info] 
[debug] [2018-08-29T21:46:06.958Z] >>> HTTP REQUEST GET https://mobilesdk-pa.googleapis.com/v1/projects/507450842829/clients/_:getWebAppConfig  
 
[debug] [2018-08-29T21:46:07.393Z] <<< HTTP RESPONSE 200
[info] i  hosting[personalsite-35f77]: Serving hosting files from: public
[info] +  hosting[personalsite-35f77]: Local server: http://localhost:5000
